<!DOCTYPE html PUBLIC "-//W3C//DTD XHTML 1.1//EN" "https://www.w3.org/TR/xhtml11/DTD/xhtml11.dtd">
<html xmlns="https://www.w3.org/1999/xhtml">
<head>
<meta charset='utf-8'>
<title>TestNG Report</title>
<style type="text/css">
table {margin-bottom:10px;border-collapse:collapse;empty-cells:show}
td,th {border:1px solid #009;padding:.25em .5em}
.result th {vertical-align:bottom}
.param th {padding-left:1em;padding-right:1em}
.param td {padding-left:.5em;padding-right:2em}
.stripe td,.stripe th {background-color: #E6EBF9}
.numi,.numi_attn {text-align:right}
.total td {font-weight:bold}
.passedodd td {background-color: #0A0}
.passedeven td {background-color: #3F3}
.skippedodd td {background-color: #CCC}
.skippedodd td {background-color: #DDD}
.failedodd td,.numi_attn {background-color: #F33}
.failedeven td,.stripe .numi_attn {background-color: #D00}
.stacktrace {white-space:pre;font-family:monospace}
.totop {font-size:85%;text-align:center;border-bottom:2px solid #000}
</style>
</head>
<body>
<table cellspacing="0" cellpadding="0" class="testOverview">
<tr><th>Test</th><th>Methods<br/>Passed</th><th>Scenarios<br/>Passed</th><th># skipped</th><th># failed</th><th>Total<br/>Time</th><th>Included<br/>Groups</th><th>Excluded<br/>Groups</th></tr>
<tr><td style="text-align:left;padding-right:2em"><a href="#t1">Regression1</a></td><td class="numi">9</td><td class="numi">9</td><td class="numi">0</td><td class="numi_attn">4</td><td class="numi">153.0 seconds</td><td class="numi"></td><td class="numi"></td></tr>
</table>
<table cellspacing="0" cellpadding="0" class="methodOverview" id="summary">
<tr><th>Class</th><th>Method</th><th># of<br/>Scenarios</th><th>Start</th><th>Time<br/>(ms)</th></tr>
<tr id="t1"><th colspan="5">Regression1 &#8212; failed</th></tr>
<tr class="failedodd"><td>Registration_Test</td><td><a href="#m1"><b>invalidCase01</b>  </a></td><td class="numi">1</td><td>1678565576784</td><td class="numi">2453</td></tr>
<tr class="failedeven"><td rowspan="2">Login_Test</td><td><a href="#m2"><b>validLogin</b>  </a></td><td class="numi">1</td><td>1678565667878</td><td class="numi">7457</td></tr><tr class="failedeven"><td><a href="#m3"><b>invalidLogin1</b>  </a></td><td class="numi">1</td><td>1678565655601</td><td class="numi">7455</td></tr>
<tr class="failedodd"><td>NavigationBar_Test</td><td><a href="#m4"><b>item4_notebook</b>  </a></td><td class="numi">1</td><td>1678565680463</td><td class="numi">3448</td></tr>
<tr><th colspan="5">Regression1 &#8212; passed</th></tr>
<tr class="passedodd"><td>Information_Test</td><td><a href="#m5"><b>fillIn_withoutPhone_Information_Form</b>  </a></td><td class="numi">1</td><td>1678565646866</td><td class="numi">4115</td></tr>
<tr class="passedeven"><td>Registration_Test</td><td><a href="#m6"><b>validCase</b>  </a></td><td class="numi">1</td><td>1678565583702</td><td class="numi">2766</td></tr>
<tr class="passedodd"><td>Search_Test</td><td><a href="#m7"><b>search_Test2</b>  </a></td><td class="numi">1</td><td>1678565717819</td><td class="numi">4982</td></tr>
<tr class="passedeven"><td>Information_Test</td><td><a href="#m8"><b>fillIn_All_Information_Form</b>  </a></td><td class="numi">1</td><td>1678565637485</td><td class="numi">4087</td></tr>
<tr class="passedodd"><td>Cart_Test</td><td><a href="#m9"><b>emptyCartComponents</b>  </a></td><td class="numi">1</td><td>1678565591471</td><td class="numi">631</td></tr>
<tr class="passedeven"><td>Product_Test</td><td><a href="#m10"><b>product_Components_Test1</b>  </a></td><td class="numi">1</td><td>1678565689055</td><td class="numi">6502</td></tr>
<tr class="passedodd"><td>Cart_Test</td><td><a href="#m11"><b>afterAddToCart_Test1</b>  </a></td><td class="numi">1</td><td>1678565600959</td><td class="numi">12559</td></tr>
<tr class="passedeven"><td>ConfirmShipping_Test</td><td><a href="#m12"><b>fillIn_All_Information_Form</b>  </a></td><td class="numi">1</td><td>1678565618934</td><td class="numi">12822</td></tr>
<tr class="passedodd"><td>Search_Test</td><td><a href="#m13"><b>search_Test1</b>  </a></td><td class="numi">1</td><td>1678565701398</td><td class="numi">10616</td></tr>
</table>
<h1>Regression1</h1>
<h2 id="m1">Login_Test:validLogin</h2>
<div>
<div class="stacktrace">java.lang.AssertionError: expected [https://mofkera.com/account] but found [https://mofkera.com/challenge]
	at Login_Test.validLogin(Login_Test.java:31)
	at java.base/java.util.ArrayList.forEach(ArrayList.java:1511)
	at com.intellij.rt.testng.IDEARemoteTestNG.run(IDEARemoteTestNG.java:66)
	at com.intellij.rt.testng.RemoteTestNGStarter.main(RemoteTestNGStarter.java:109)
... Removed 28 stack frames</div>
</div>
<p class="totop"><a href="#summary">back to summary</a></p>
<h2 id="m2">Login_Test:invalidLogin1</h2>
<div>
<div class="stacktrace">org.openqa.selenium.NoSuchElementException: no such element: Unable to locate element: {&quot;method&quot;:&quot;css selector&quot;,&quot;selector&quot;:&quot;#customer_login &gt; div.pt-base-color &gt; div &gt; ul &gt; li&quot;}
  (Session info: chrome=110.0.5481.180)
For documentation on this error, please visit: https://selenium.dev/exceptions/#no_such_element
Build info: version: &apos;4.8.0&apos;, revision: &apos;267030adea&apos;
System info: os.name: &apos;Windows 10&apos;, os.arch: &apos;amd64&apos;, os.version: &apos;10.0&apos;, java.version: &apos;19.0.1&apos;
Driver info: org.openqa.selenium.chrome.ChromeDriver
Command: [368dd67f58927573acfaaf10ddaff41c, findElement {using=css selector, value=#customer_login &gt; div.pt-base-color &gt; div &gt; ul &gt; li}]
Capabilities {acceptInsecureCerts: false, browserName: chrome, browserVersion: 110.0.5481.180, chrome: {chromedriverVersion: 110.0.5481.77 (65ed616c6e8e..., userDataDir: C:\Users\user\AppData\Local...}, goog:chromeOptions: {debuggerAddress: localhost:59529}, networkConnectionEnabled: false, pageLoadStrategy: normal, platformName: WINDOWS, proxy: Proxy(), se:cdp: ws://localhost:59529/devtoo..., se:cdpVersion: 110.0.5481.180, setWindowRect: true, strictFileInteractability: false, timeouts: {implicit: 0, pageLoad: 300000, script: 30000}, unhandledPromptBehavior: dismiss and notify, webauthn:extension:credBlob: true, webauthn:extension:largeBlob: true, webauthn:virtualAuthenticators: true}
Session ID: 368dd67f58927573acfaaf10ddaff41c
	at org.openqa.selenium.remote.codec.w3c.W3CHttpResponseCodec.createException(W3CHttpResponseCodec.java:200)
	at org.openqa.selenium.remote.codec.w3c.W3CHttpResponseCodec.decode(W3CHttpResponseCodec.java:133)
	at org.openqa.selenium.remote.codec.w3c.W3CHttpResponseCodec.decode(W3CHttpResponseCodec.java:53)
	at org.openqa.selenium.remote.HttpCommandExecutor.execute(HttpCommandExecutor.java:184)
	at org.openqa.selenium.remote.service.DriverCommandExecutor.invokeExecute(DriverCommandExecutor.java:167)
	at org.openqa.selenium.remote.service.DriverCommandExecutor.execute(DriverCommandExecutor.java:142)
	at org.openqa.selenium.remote.RemoteWebDriver.execute(RemoteWebDriver.java:543)
	at org.openqa.selenium.remote.ElementLocation$ElementFinder$2.findElement(ElementLocation.java:162)
	at org.openqa.selenium.remote.ElementLocation.findElement(ElementLocation.java:60)
	at org.openqa.selenium.remote.RemoteWebDriver.findElement(RemoteWebDriver.java:352)
	at org.openqa.selenium.remote.RemoteWebDriver.findElement(RemoteWebDriver.java:344)
	at Login_Test.invalidLogin1(Login_Test.java:43)
	at java.base/java.util.ArrayList.forEach(ArrayList.java:1511)
	at com.intellij.rt.testng.IDEARemoteTestNG.run(IDEARemoteTestNG.java:66)
	at com.intellij.rt.testng.RemoteTestNGStarter.main(RemoteTestNGStarter.java:109)
... Removed 25 stack frames</div>
</div>
<p class="totop"><a href="#summary">back to summary</a></p>
<h2 id="m3">NavigationBar_Test:item4_notebook</h2>
<div>
<div class="stacktrace">java.lang.AssertionError: expected [Note Books] but found [TODO RAMADAN BOX]
	at NavigationBar_Test.item4_notebook(NavigationBar_Test.java:58)
	at java.base/java.util.ArrayList.forEach(ArrayList.java:1511)
	at com.intellij.rt.testng.IDEARemoteTestNG.run(IDEARemoteTestNG.java:66)
	at com.intellij.rt.testng.RemoteTestNGStarter.main(RemoteTestNGStarter.java:109)
... Removed 28 stack frames</div>
</div>
<p class="totop"><a href="#summary">back to summary</a></p>
<h2 id="m4">Registration_Test:invalidCase01</h2>
<div>
<div class="stacktrace">java.lang.AssertionError: expected [https://mofkera.com/account/register] but found [https://mofkera.com/challenge]
	at Registration_Test.invalidCase01(Registration_Test.java:44)
	at java.base/java.util.ArrayList.forEach(ArrayList.java:1511)
	at com.intellij.rt.testng.IDEARemoteTestNG.run(IDEARemoteTestNG.java:66)
	at com.intellij.rt.testng.RemoteTestNGStarter.main(RemoteTestNGStarter.java:109)
... Removed 28 stack frames</div>
</div>
<p class="totop"><a href="#summary">back to summary</a></p>
<h2 id="m5">Information_Test:fillIn_All_Information_Form</h2>
<p class="totop"><a href="#summary">back to summary</a></p>
<h2 id="m6">Product_Test:product_Components_Test1</h2>
<p class="totop"><a href="#summary">back to summary</a></p>
<h2 id="m7">Cart_Test:afterAddToCart_Test1</h2>
<p class="totop"><a href="#summary">back to summary</a></p>
<h2 id="m8">ConfirmShipping_Test:fillIn_All_Information_Form</h2>
<p class="totop"><a href="#summary">back to summary</a></p>
<h2 id="m9">Information_Test:fillIn_withoutPhone_Information_Form</h2>
<p class="totop"><a href="#summary">back to summary</a></p>
<h2 id="m10">Registration_Test:validCase</h2>
<p class="totop"><a href="#summary">back to summary</a></p>
<h2 id="m11">Cart_Test:emptyCartComponents</h2>
<p class="totop"><a href="#summary">back to summary</a></p>
<h2 id="m12">Search_Test:search_Test1</h2>
<p class="totop"><a href="#summary">back to summary</a></p>
<h2 id="m13">Search_Test:search_Test2</h2>
<p class="totop"><a href="#summary">back to summary</a></p>
</body></html>
